# JRE version: OpenJDK Runtime Environment (8.0_152-b01) (build 1.8.0_152-release-1024-b01)
# Java VM: OpenJDK 64-Bit Server VM (25.152-b01 mixed mode linux-amd64 compressed oops)
Heap:
 PSYoungGen      total 148992K, used 118132K [0x00000000e0000000, 0x00000000ea700000, 0x0000000100000000)
  eden space 128512K, 82% used [0x00000000e0000000,0x00000000e6776b88,0x00000000e7d80000)
  from space 20480K, 59% used [0x00000000e9100000,0x00000000e9ce66b8,0x00000000ea500000)
  to   space 19968K, 0% used [0x00000000e7d80000,0x00000000e7d80000,0x00000000e9100000)
 ParOldGen       total 297472K, used 269974K [0x00000000a0000000, 0x00000000b2280000, 0x00000000e0000000)
  object space 297472K, 90% used [0x00000000a0000000,0x00000000b07a59d8,0x00000000b2280000)
 Metaspace       used 88462K, capacity 93808K, committed 94552K, reserved 1132544K
  class space    used 10752K, capacity 11719K, committed 11904K, reserved 1048576K
GC Heap History (10 events):
Event: 21407,248 GC heap before
{Heap before GC invocations=92 (full 4):
 PSYoungGen      total 143872K, used 139005K [0x00000000e0000000, 0x00000000ea000000, 0x0000000100000000)
  eden space 125952K, 100% used [0x00000000e0000000,0x00000000e7b00000,0x00000000e7b00000)
  from space 17920K, 72% used [0x00000000e7b00000,0x00000000e87bf408,0x00000000e8c80000)
  to   space 18432K, 0% used [0x00000000e8e00000,0x00000000e8e00000,0x00000000ea000000)
 ParOldGen       total 154112K, used 54846K [0x00000000a0000000, 0x00000000a9680000, 0x00000000e0000000)
  object space 154112K, 35% used [0x00000000a0000000,0x00000000a358f9b8,0x00000000a9680000)
 Metaspace       used 87583K, capacity 92916K, committed 93656K, reserved 1130496K
  class space    used 10670K, capacity 11617K, committed 11776K, reserved 1048576K
Event: 21407,277 GC heap after
Heap after GC invocations=92 (full 4):
 PSYoungGen      total 144384K, used 10361K [0x00000000e0000000, 0x00000000e9f00000, 0x0000000100000000)
  eden space 126976K, 0% used [0x00000000e0000000,0x00000000e0000000,0x00000000e7c00000)
  from space 17408K, 59% used [0x00000000e8e00000,0x00000000e981e428,0x00000000e9f00000)
  to   space 17920K, 0% used [0x00000000e7c00000,0x00000000e7c00000,0x00000000e8d80000)
 ParOldGen       total 154112K, used 54870K [0x00000000a0000000, 0x00000000a9680000, 0x00000000e0000000)
  object space 154112K, 35% used [0x00000000a0000000,0x00000000a35959b8,0x00000000a9680000)
 Metaspace       used 87583K, capacity 92916K, committed 93656K, reserved 1130496K
  class space    used 10670K, capacity 11617K, committed 11776K, reserved 1048576K
}
Event: 21494,203 GC heap before
{Heap before GC invocations=93 (full 4):
 PSYoungGen      total 144384K, used 137337K [0x00000000e0000000, 0x00000000e9f00000, 0x0000000100000000)
  eden space 126976K, 100% used [0x00000000e0000000,0x00000000e7c00000,0x00000000e7c00000)
  from space 17408K, 59% used [0x00000000e8e00000,0x00000000e981e428,0x00000000e9f00000)
  to   space 17920K, 0% used [0x00000000e7c00000,0x00000000e7c00000,0x00000000e8d80000)
 ParOldGen       total 154112K, used 54870K [0x00000000a0000000, 0x00000000a9680000, 0x00000000e0000000)
  object space 154112K, 35% used [0x00000000a0000000,0x00000000a35959b8,0x00000000a9680000)
 Metaspace       used 87612K, capacity 92916K, committed 93656K, reserved 1130496K
  class space    used 10670K, capacity 11617K, committed 11776K, reserved 1048576K
Event: 21494,233 GC heap after
Heap after GC invocations=93 (full 4):
 PSYoungGen      total 144896K, used 12159K [0x00000000e0000000, 0x00000000ea100000, 0x0000000100000000)
  eden space 126976K, 0% used [0x00000000e0000000,0x00000000e0000000,0x00000000e7c00000)
  from space 17920K, 67% used [0x00000000e7c00000,0x00000000e87dfe38,0x00000000e8d80000)
  to   space 18432K, 0% used [0x00000000e8f00000,0x00000000e8f00000,0x00000000ea100000)
 ParOldGen       total 154112K, used 54918K [0x00000000a0000000, 0x00000000a9680000, 0x00000000e0000000)
  object space 154112K, 35% used [0x00000000a0000000,0x00000000a35a19b8,0x00000000a9680000)
 Metaspace       used 87612K, capacity 92916K, committed 93656K, reserved 1130496K
  class space    used 10670K, capacity 11617K, committed 11776K, reserved 1048576K
}
Event: 21936,002 GC heap before
{Heap before GC invocations=94 (full 4):
 PSYoungGen      total 144896K, used 139135K [0x00000000e0000000, 0x00000000ea100000, 0x0000000100000000)
  eden space 126976K, 100% used [0x00000000e0000000,0x00000000e7c00000,0x00000000e7c00000)
  from space 17920K, 67% used [0x00000000e7c00000,0x00000000e87dfe38,0x00000000e8d80000)
  to   space 18432K, 0% used [0x00000000e8f00000,0x00000000e8f00000,0x00000000ea100000)
 ParOldGen       total 154112K, used 54918K [0x00000000a0000000, 0x00000000a9680000, 0x00000000e0000000)
  object space 154112K, 35% used [0x00000000a0000000,0x00000000a35a19b8,0x00000000a9680000)
 Metaspace       used 87622K, capacity 92980K, committed 93656K, reserved 1130496K
  class space    used 10670K, capacity 11617K, committed 11776K, reserved 1048576K
Event: 21936,141 GC heap after
Heap after GC invocations=94 (full 4):
 PSYoungGen      total 145408K, used 11759K [0x00000000e0000000, 0x00000000ea080000, 0x0000000100000000)
  eden space 127488K, 0% used [0x00000000e0000000,0x00000000e0000000,0x00000000e7c80000)
  from space 17920K, 65% used [0x00000000e8f00000,0x00000000e9a7bcc0,0x00000000ea080000)
  to   space 18432K, 0% used [0x00000000e7c80000,0x00000000e7c80000,0x00000000e8e80000)
 ParOldGen       total 154112K, used 54950K [0x00000000a0000000, 0x00000000a9680000, 0x00000000e0000000)
  object space 154112K, 35% used [0x00000000a0000000,0x00000000a35a99b8,0x00000000a9680000)
 Metaspace       used 87622K, capacity 92980K, committed 93656K, reserved 1130496K
  class space    used 10670K, capacity 11617K, committed 11776K, reserved 1048576K
}
Event: 22609,311 GC heap before
{Heap before GC invocations=95 (full 4):
 PSYoungGen      total 145408K, used 139245K [0x00000000e0000000, 0x00000000ea080000, 0x0000000100000000)
  eden space 127488K, 99% used [0x00000000e0000000,0x00000000e7c7fa88,0x00000000e7c80000)
  from space 17920K, 65% used [0x00000000e8f00000,0x00000000e9a7bcc0,0x00000000ea080000)
  to   space 18432K, 0% used [0x00000000e7c80000,0x00000000e7c80000,0x00000000e8e80000)
 ParOldGen       total 154112K, used 54950K [0x00000000a0000000, 0x00000000a9680000, 0x00000000e0000000)
  object space 154112K, 35% used [0x00000000a0000000,0x00000000a35a99b8,0x00000000a9680000)
 Metaspace       used 88380K, capacity 93712K, committed 94552K, reserved 1132544K
  class space    used 10751K, capacity 11687K, committed 11904K, reserved 1048576K
Event: 22609,413 GC heap after
Heap after GC invocations=95 (full 4):
 PSYoungGen      total 145920K, used 18426K [0x00000000e0000000, 0x00000000ea500000, 0x0000000100000000)
  eden space 127488K, 0% used [0x00000000e0000000,0x00000000e0000000,0x00000000e7c80000)
  from space 18432K, 99% used [0x00000000e7c80000,0x00000000e8e7e848,0x00000000e8e80000)
  to   space 20480K, 0% used [0x00000000e9100000,0x00000000e9100000,0x00000000ea500000)
 ParOldGen       total 154112K, used 54998K [0x00000000a0000000, 0x00000000a9680000, 0x00000000e0000000)
  object space 154112K, 35% used [0x00000000a0000000,0x00000000a35b59b8,0x00000000a9680000)
 Metaspace       used 88380K, capacity 93712K, committed 94552K, reserved 1132544K
  class space    used 10751K, capacity 11687K, committed 11904K, reserved 1048576K
}
Event: 22615,874 GC heap before
{Heap before GC invocations=96 (full 4):
 PSYoungGen      total 145920K, used 145509K [0x00000000e0000000, 0x00000000ea500000, 0x0000000100000000)
  eden space 127488K, 99% used [0x00000000e0000000,0x00000000e7c1afa0,0x00000000e7c80000)
  from space 18432K, 99% used [0x00000000e7c80000,0x00000000e8e7e848,0x00000000e8e80000)
  to   space 20480K, 0% used [0x00000000e9100000,0x00000000e9100000,0x00000000ea500000)
 ParOldGen       total 154112K, used 54998K [0x00000000a0000000, 0x00000000a9680000, 0x00000000e0000000)
  object space 154112K, 35% used [0x00000000a0000000,0x00000000a35b59b8,0x00000000a9680000)
 Metaspace       used 88462K, capacity 93808K, committed 94552K, reserved 1132544K
  class space    used 10752K, capacity 11719K, committed 11904K, reserved 1048576K
Event: 22615,958 GC heap after
Heap after GC invocations=96 (full 4):
 PSYoungGen      total 148992K, used 12185K [0x00000000e0000000, 0x00000000ea700000, 0x0000000100000000)
  eden space 128512K, 0% used [0x00000000e0000000,0x00000000e0000000,0x00000000e7d80000)
  from space 20480K, 59% used [0x00000000e9100000,0x00000000e9ce66b8,0x00000000ea500000)
  to   space 19968K, 0% used [0x00000000e7d80000,0x00000000e7d80000,0x00000000e9100000)
 ParOldGen       total 154112K, used 55030K [0x00000000a0000000, 0x00000000a9680000, 0x00000000e0000000)
  object space 154112K, 35% used [0x00000000a0000000,0x00000000a35bd9b8,0x00000000a9680000)
 Metaspace       used 88462K, capacity 93808K, committed 94552K, reserved 1132544K
  class space    used 10752K, capacity 11719K, committed 11904K, reserved 1048576K
}

